COMPUTING REWARDS
COMPUTING TRANSITIONS
COMPUTING POLICY
iteration: 1 / 125
iteration: 2 / 125
iteration: 3 / 125
iteration: 4 / 125
iteration: 5 / 125
iteration: 6 / 125
iteration: 7 / 125
iteration: 8 / 125
iteration: 9 / 125
iteration: 10 / 125
iteration: 11 / 125
iteration: 12 / 125
iteration: 13 / 125
iteration: 14 / 125
iteration: 15 / 125
iteration: 16 / 125
iteration: 17 / 125
iteration: 18 / 125
iteration: 19 / 125
iteration: 20 / 125
iteration: 21 / 125
iteration: 22 / 125
iteration: 23 / 125
iteration: 24 / 125
iteration: 25 / 125
iteration: 26 / 125
iteration: 27 / 125
iteration: 28 / 125
iteration: 29 / 125
iteration: 30 / 125
iteration: 31 / 125
iteration: 32 / 125
iteration: 33 / 125
iteration: 34 / 125
iteration: 35 / 125
iteration: 36 / 125
iteration: 37 / 125
iteration: 38 / 125
iteration: 39 / 125
iteration: 40 / 125
iteration: 41 / 125
iteration: 42 / 125
iteration: 43 / 125
iteration: 44 / 125
iteration: 45 / 125
iteration: 46 / 125
iteration: 47 / 125
iteration: 48 / 125
iteration: 49 / 125
iteration: 50 / 125
iteration: 51 / 125
iteration: 52 / 125
iteration: 53 / 125
iteration: 54 / 125
iteration: 55 / 125
iteration: 56 / 125
iteration: 57 / 125
iteration: 58 / 125
iteration: 59 / 125
iteration: 60 / 125
iteration: 61 / 125
iteration: 62 / 125
iteration: 63 / 125
iteration: 64 / 125
iteration: 65 / 125
iteration: 66 / 125
iteration: 67 / 125
iteration: 68 / 125
iteration: 69 / 125
iteration: 70 / 125
iteration: 71 / 125
iteration: 72 / 125
iteration: 73 / 125
iteration: 74 / 125
iteration: 75 / 125
iteration: 76 / 125
iteration: 77 / 125
iteration: 78 / 125
iteration: 79 / 125
iteration: 80 / 125
iteration: 81 / 125
iteration: 82 / 125
iteration: 83 / 125
iteration: 84 / 125
iteration: 85 / 125
iteration: 86 / 125
iteration: 87 / 125
iteration: 88 / 125
iteration: 89 / 125
iteration: 90 / 125
iteration: 91 / 125
iteration: 92 / 125
iteration: 93 / 125
iteration: 94 / 125
iteration: 95 / 125
iteration: 96 / 125
iteration: 97 / 125
iteration: 98 / 125
iteration: 99 / 125
iteration: 100 / 125
iteration: 101 / 125
iteration: 102 / 125
iteration: 103 / 125
iteration: 104 / 125
iteration: 105 / 125
iteration: 106 / 125
iteration: 107 / 125
iteration: 108 / 125
iteration: 109 / 125
iteration: 110 / 125
iteration: 111 / 125
iteration: 112 / 125
iteration: 113 / 125
iteration: 114 / 125
iteration: 115 / 125
iteration: 116 / 125
iteration: 117 / 125
iteration: 118 / 125
iteration: 119 / 125
iteration: 120 / 125
iteration: 121 / 125
iteration: 122 / 125
iteration: 123 / 125
iteration: 124 / 125
iteration: 125 / 125
{'high': 'climb', 'top': 'sink', 'bottom': 'sink', 'low': 'climb', 'mid': 'climb'}
