COMPUTING REWARDS
COMPUTING TRANSITIONS
COMPUTING POLICY
iteration: 1 / 250
iteration: 2 / 250
iteration: 3 / 250
iteration: 4 / 250
iteration: 5 / 250
iteration: 6 / 250
iteration: 7 / 250
iteration: 8 / 250
iteration: 9 / 250
iteration: 10 / 250
iteration: 11 / 250
iteration: 12 / 250
iteration: 13 / 250
iteration: 14 / 250
iteration: 15 / 250
iteration: 16 / 250
iteration: 17 / 250
iteration: 18 / 250
iteration: 19 / 250
iteration: 20 / 250
iteration: 21 / 250
iteration: 22 / 250
iteration: 23 / 250
iteration: 24 / 250
iteration: 25 / 250
iteration: 26 / 250
iteration: 27 / 250
iteration: 28 / 250
iteration: 29 / 250
iteration: 30 / 250
iteration: 31 / 250
iteration: 32 / 250
iteration: 33 / 250
iteration: 34 / 250
iteration: 35 / 250
iteration: 36 / 250
iteration: 37 / 250
iteration: 38 / 250
iteration: 39 / 250
iteration: 40 / 250
iteration: 41 / 250
iteration: 42 / 250
iteration: 43 / 250
iteration: 44 / 250
iteration: 45 / 250
iteration: 46 / 250
iteration: 47 / 250
iteration: 48 / 250
iteration: 49 / 250
iteration: 50 / 250
iteration: 51 / 250
iteration: 52 / 250
iteration: 53 / 250
iteration: 54 / 250
iteration: 55 / 250
iteration: 56 / 250
iteration: 57 / 250
iteration: 58 / 250
iteration: 59 / 250
iteration: 60 / 250
iteration: 61 / 250
iteration: 62 / 250
iteration: 63 / 250
iteration: 64 / 250
iteration: 65 / 250
iteration: 66 / 250
iteration: 67 / 250
iteration: 68 / 250
iteration: 69 / 250
iteration: 70 / 250
iteration: 71 / 250
iteration: 72 / 250
iteration: 73 / 250
iteration: 74 / 250
iteration: 75 / 250
iteration: 76 / 250
iteration: 77 / 250
iteration: 78 / 250
iteration: 79 / 250
iteration: 80 / 250
iteration: 81 / 250
iteration: 82 / 250
iteration: 83 / 250
iteration: 84 / 250
iteration: 85 / 250
iteration: 86 / 250
iteration: 87 / 250
iteration: 88 / 250
iteration: 89 / 250
iteration: 90 / 250
iteration: 91 / 250
iteration: 92 / 250
iteration: 93 / 250
iteration: 94 / 250
iteration: 95 / 250
iteration: 96 / 250
iteration: 97 / 250
iteration: 98 / 250
iteration: 99 / 250
iteration: 100 / 250
iteration: 101 / 250
iteration: 102 / 250
iteration: 103 / 250
iteration: 104 / 250
iteration: 105 / 250
iteration: 106 / 250
iteration: 107 / 250
iteration: 108 / 250
iteration: 109 / 250
iteration: 110 / 250
iteration: 111 / 250
iteration: 112 / 250
iteration: 113 / 250
iteration: 114 / 250
iteration: 115 / 250
iteration: 116 / 250
iteration: 117 / 250
iteration: 118 / 250
iteration: 119 / 250
iteration: 120 / 250
iteration: 121 / 250
iteration: 122 / 250
iteration: 123 / 250
iteration: 124 / 250
iteration: 125 / 250
iteration: 126 / 250
iteration: 127 / 250
iteration: 128 / 250
iteration: 129 / 250
iteration: 130 / 250
iteration: 131 / 250
iteration: 132 / 250
iteration: 133 / 250
iteration: 134 / 250
iteration: 135 / 250
iteration: 136 / 250
iteration: 137 / 250
iteration: 138 / 250
iteration: 139 / 250
iteration: 140 / 250
iteration: 141 / 250
iteration: 142 / 250
iteration: 143 / 250
iteration: 144 / 250
iteration: 145 / 250
iteration: 146 / 250
iteration: 147 / 250
iteration: 148 / 250
iteration: 149 / 250
iteration: 150 / 250
iteration: 151 / 250
iteration: 152 / 250
iteration: 153 / 250
iteration: 154 / 250
iteration: 155 / 250
iteration: 156 / 250
iteration: 157 / 250
iteration: 158 / 250
iteration: 159 / 250
iteration: 160 / 250
iteration: 161 / 250
iteration: 162 / 250
iteration: 163 / 250
iteration: 164 / 250
iteration: 165 / 250
iteration: 166 / 250
iteration: 167 / 250
iteration: 168 / 250
iteration: 169 / 250
iteration: 170 / 250
iteration: 171 / 250
iteration: 172 / 250
iteration: 173 / 250
iteration: 174 / 250
iteration: 175 / 250
iteration: 176 / 250
iteration: 177 / 250
iteration: 178 / 250
iteration: 179 / 250
iteration: 180 / 250
iteration: 181 / 250
iteration: 182 / 250
iteration: 183 / 250
iteration: 184 / 250
iteration: 185 / 250
iteration: 186 / 250
iteration: 187 / 250
iteration: 188 / 250
iteration: 189 / 250
iteration: 190 / 250
iteration: 191 / 250
iteration: 192 / 250
iteration: 193 / 250
iteration: 194 / 250
iteration: 195 / 250
iteration: 196 / 250
iteration: 197 / 250
iteration: 198 / 250
iteration: 199 / 250
iteration: 200 / 250
iteration: 201 / 250
iteration: 202 / 250
iteration: 203 / 250
iteration: 204 / 250
iteration: 205 / 250
iteration: 206 / 250
iteration: 207 / 250
iteration: 208 / 250
iteration: 209 / 250
iteration: 210 / 250
iteration: 211 / 250
iteration: 212 / 250
iteration: 213 / 250
iteration: 214 / 250
iteration: 215 / 250
iteration: 216 / 250
iteration: 217 / 250
iteration: 218 / 250
iteration: 219 / 250
iteration: 220 / 250
iteration: 221 / 250
iteration: 222 / 250
iteration: 223 / 250
iteration: 224 / 250
iteration: 225 / 250
iteration: 226 / 250
iteration: 227 / 250
iteration: 228 / 250
iteration: 229 / 250
iteration: 230 / 250
iteration: 231 / 250
iteration: 232 / 250
iteration: 233 / 250
iteration: 234 / 250
iteration: 235 / 250
iteration: 236 / 250
iteration: 237 / 250
iteration: 238 / 250
iteration: 239 / 250
iteration: 240 / 250
iteration: 241 / 250
iteration: 242 / 250
iteration: 243 / 250
iteration: 244 / 250
iteration: 245 / 250
iteration: 246 / 250
iteration: 247 / 250
iteration: 248 / 250
iteration: 249 / 250
iteration: 250 / 250
{'high': 'climb', 'top': 'sink', 'bottom': 'sink', 'low': 'climb', 'mid': 'climb'}
